#
# There is insufficient memory for the Java Runtime Environment to continue.
# Native memory allocation (mmap) failed to map 268435456 bytes for Failed to commit area from 0x0000000700c00000 to 0x0000000710c00000 of length 268435456.
# Possible reasons:
#   The system is out of physical RAM or swap space
#   The process is running with CompressedOops enabled, and the Java Heap may be blocking the growth of the native heap
# Possible solutions:
#   Reduce memory load on the system
#   Increase physical memory or swap space
#   Check if swap backing store is full
#   Decrease Java heap size (-Xmx/-Xms)
#   Decrease number of Java threads
#   Decrease Java thread stack sizes (-Xss)
#   Set larger code cache with -XX:ReservedCodeCacheSize=
#   JVM is running with Zero Based Compressed Oops mode in which the Java heap is
#     placed in the first 32GB address space. The Java Heap base address is the
#     maximum limit for the native heap growth. Please use -XX:HeapBaseMinAddress
#     to set the Java Heap base and to place the Java Heap above 32GB virtual address.
# This output file may be truncated or incomplete.
#
#  Out of Memory Error (./open/src/hotspot/os/windows/os_windows.cpp:3315), pid=18236, tid=16484
#
# JRE version:  (14.0.1+7) (build )
# Java VM: Java HotSpot(TM) 64-Bit Server VM (14.0.1+7, mixed mode, sharing, tiered, compressed oops, g1 gc, windows-amd64)
# No core dump will be written. Minidumps are not enabled by default on client versions of Windows
#

---------------  S U M M A R Y ------------

Command Line: -XX:+ShowCodeDetailsInExceptionMessages -Dfile.encoding=UTF-8 --module-path=D:\Desktop\CS569\Git-CS569-Assignments\Final Project\lib\mysql-connector-java-5.1.49.jar project.Machine

Host: AMD Ryzen 5 3600 6-Core Processor              , 12 cores, 15G,  Windows 10 , 64 bit Build 18362 (10.0.18362.959)
Time: Tue Jul 28 17:40:30 2020 ??2???¨¢?¨º¡À elapsed time: 0 seconds (0d 0h 0m 0s)

---------------  T H R E A D  ---------------

Current thread (0x0000028b18f1e800):  JavaThread "Unknown thread" [_thread_in_vm, id=16484, stack(0x000000d275600000,0x000000d275700000)]

Stack: [0x000000d275600000,0x000000d275700000]
Native frames: (J=compiled Java code, j=interpreted, Vv=VM code, C=native code)
V  [jvm.dll+0x5f840a]
V  [jvm.dll+0x741e4a]
V  [jvm.dll+0x7435ff]
V  [jvm.dll+0x743c43]
V  [jvm.dll+0x20d288]
V  [jvm.dll+0x5f57ba]
V  [jvm.dll+0x5ea615]
V  [jvm.dll+0x2c7e9c]
V  [jvm.dll+0x2c7cd2]
V  [jvm.dll+0x2cdbbc]
V  [jvm.dll+0x313ff8]
V  [jvm.dll+0x313720]
V  [jvm.dll+0x2a092a]
V  [jvm.dll+0x2a1a79]
V  [jvm.dll+0x71f718]
V  [jvm.dll+0x321c44]
V  [jvm.dll+0x700b0c]
V  [jvm.dll+0x392dff]
V  [jvm.dll+0x394e71]
C  [jli.dll+0x523b]
C  [ucrtbase.dll+0x20e82]
C  [KERNEL32.DLL+0x17bd4]
C  [ntdll.dll+0x6ce51]


---------------  P R O C E S S  ---------------

Threads class SMR info:
_java_thread_list=0x00007ffec52b3078, length=0, elements={
}

Java Threads: ( => current thread )

Other Threads:
  0x0000028b18f85800 GCTaskThread "GC Thread#0" [stack: 0x000000d275700000,0x000000d275800000] [id=9104]
  0x0000028b18fa7000 ConcurrentGCThread "G1 Main Marker" [stack: 0x000000d275800000,0x000000d275900000] [id=20068]
  0x0000028b18faa000 ConcurrentGCThread "G1 Conc#0" [stack: 0x000000d275900000,0x000000d275a00000] [id=6552]

[error occurred during error reporting (printing all threads), id 0xc0000005, EXCEPTION_ACCESS_VIOLATION (0xc0000005) at pc=0x00007ffec4ae1257]

VM state:not at safepoint (not fully initialized)

VM Mutex/Monitor currently owned by a thread:  ([mutex/lock_event])
[0x0000028b18f198d0] Heap_lock - owner thread: 0x0000028b18f1e800

Heap address: 0x0000000700c00000, size: 4084 MB, Compressed Oops mode: Zero based, Oop shift amount: 3
Narrow klass base: 0x0000000000000000, Narrow klass shift: 0

GC Heap History (0 events):
No events

Deoptimization events (0 events):
No events

Classes unloaded (0 events):
No events

Classes redefined (0 events):
No events

Internal exceptions (0 events):
No events

Events (2 events):
Event: 0.005 Loaded shared library D:\Program Files\Java\bin\java.dll
Event: 0.006 Loaded shared library D:\Program Files\Java\bin\zip.dll


Dynamic libraries:
0x00007ff7cc440000 - 0x00007ff7cc44f000 	D:\Program Files\Java\bin\java.exe
0x00007fff22ca0000 - 0x00007fff22e90000 	C:\WINDOWS\SYSTEM32\ntdll.dll
0x00007fff21af0000 - 0x00007fff21ba2000 	C:\WINDOWS\System32\KERNEL32.DLL
0x00007fff20090000 - 0x00007fff20334000 	C:\WINDOWS\System32\KERNELBASE.dll
0x00007fff20340000 - 0x00007fff2043a000 	C:\WINDOWS\System32\ucrtbase.dll
0x00007fff0aa80000 - 0x00007fff0aa98000 	D:\Program Files\Java\bin\jli.dll
0x00007fff22390000 - 0x00007fff22433000 	C:\WINDOWS\System32\ADVAPI32.dll
0x00007fff0a960000 - 0x00007fff0a975000 	D:\Program Files\Java\bin\VCRUNTIME140.dll
0x00007fff22870000 - 0x00007fff2290e000 	C:\WINDOWS\System32\msvcrt.dll
0x00007fff22b80000 - 0x00007fff22c17000 	C:\WINDOWS\System32\sechost.dll
0x00007fff22750000 - 0x00007fff22870000 	C:\WINDOWS\System32\RPCRT4.dll
0x00007fff221f0000 - 0x00007fff22384000 	C:\WINDOWS\System32\USER32.dll
0x00007fff12700000 - 0x00007fff12984000 	C:\WINDOWS\WinSxS\amd64_microsoft.windows.common-controls_6595b64144ccf1df_6.0.18362.959_none_e6c7bbbf130c62bb\COMCTL32.dll
0x00007fff1fd70000 - 0x00007fff1fd91000 	C:\WINDOWS\System32\win32u.dll
0x00007fff21c20000 - 0x00007fff21f55000 	C:\WINDOWS\System32\combase.dll
0x00007fff22570000 - 0x00007fff22596000 	C:\WINDOWS\System32\GDI32.dll
0x00007fff20bf0000 - 0x00007fff20c70000 	C:\WINDOWS\System32\bcryptPrimitives.dll
0x00007fff1fef0000 - 0x00007fff20086000 	C:\WINDOWS\System32\gdi32full.dll
0x00007fff1fc80000 - 0x00007fff1fd1e000 	C:\WINDOWS\System32\msvcp_win.dll
0x00007fff167d0000 - 0x00007fff167da000 	C:\WINDOWS\SYSTEM32\VERSION.dll
0x00007fff22c30000 - 0x00007fff22c5e000 	C:\WINDOWS\System32\IMM32.DLL
0x00007ffefb650000 - 0x00007ffefb6eb000 	D:\Program Files\Java\bin\msvcp140.dll
0x00007ffec4830000 - 0x00007ffec534e000 	D:\Program Files\Java\bin\server\jvm.dll
0x00007fff229b0000 - 0x00007fff229b8000 	C:\WINDOWS\System32\PSAPI.DLL
0x00007fff14ea0000 - 0x00007fff14ea9000 	C:\WINDOWS\SYSTEM32\WSOCK32.dll
0x00007fff1dc50000 - 0x00007fff1dc74000 	C:\WINDOWS\SYSTEM32\WINMM.dll
0x00007fff22440000 - 0x00007fff224af000 	C:\WINDOWS\System32\WS2_32.dll
0x00007fff1dc20000 - 0x00007fff1dc4d000 	C:\WINDOWS\SYSTEM32\WINMMBASE.dll
0x00007fff1fd20000 - 0x00007fff1fd6a000 	C:\WINDOWS\System32\cfgmgr32.dll
0x00007fff1fb60000 - 0x00007fff1fb71000 	C:\WINDOWS\System32\kernel.appcore.dll
0x00007fff13ab0000 - 0x00007fff13aba000 	D:\Program Files\Java\bin\jimage.dll
0x00007fff0d210000 - 0x00007fff0d404000 	C:\WINDOWS\SYSTEM32\DBGHELP.DLL
0x00007fff0d040000 - 0x00007fff0d06a000 	C:\WINDOWS\SYSTEM32\dbgcore.DLL
0x00007fff08600000 - 0x00007fff08625000 	D:\Program Files\Java\bin\java.dll
0x00007fff09120000 - 0x00007fff09136000 	D:\Program Files\Java\bin\zip.dll

dbghelp: loaded successfully - version: 4.0.5 - missing functions: none
symbol engine: initialized successfully - sym options: 0x614 - pdb path: .;D:\Program Files\Java\bin;C:\WINDOWS\SYSTEM32;C:\WINDOWS\WinSxS\amd64_microsoft.windows.common-controls_6595b64144ccf1df_6.0.18362.959_none_e6c7bbbf130c62bb;D:\Program Files\Java\bin\server

VM Arguments:
jvm_args: -XX:+ShowCodeDetailsInExceptionMessages -Dfile.encoding=UTF-8 --module-path=D:\Desktop\CS569\Git-CS569-Assignments\Final Project\lib\mysql-connector-java-5.1.49.jar 
java_command: project.Machine
java_class_path (initial): D:\Desktop\CS569\Git-CS569-Assignments\Final Project\bin
Launcher Type: SUN_STANDARD

[Global flags]
     intx CICompilerCount                          = 4                                         {product} {ergonomic}
     uint ConcGCThreads                            = 3                                         {product} {ergonomic}
     uint G1ConcRefinementThreads                  = 10                                        {product} {ergonomic}
   size_t G1HeapRegionSize                         = 1048576                                   {product} {ergonomic}
    uintx GCDrainStackTargetSize                   = 64                                        {product} {ergonomic}
   size_t InitialHeapSize                          = 268435456                                 {product} {ergonomic}
   size_t MarkStackSize                            = 4194304                                   {product} {ergonomic}
   size_t MaxHeapSize                              = 4282384384                                {product} {ergonomic}
   size_t MinHeapDeltaBytes                        = 1048576                                   {product} {ergonomic}
   size_t MinHeapSize                              = 8388608                                   {product} {ergonomic}
    uintx NonNMethodCodeHeapSize                   = 5839372                                {pd product} {ergonomic}
    uintx NonProfiledCodeHeapSize                  = 122909434                              {pd product} {ergonomic}
    uintx ProfiledCodeHeapSize                     = 122909434                              {pd product} {ergonomic}
    uintx ReservedCodeCacheSize                    = 251658240                              {pd product} {ergonomic}
     bool SegmentedCodeCache                       = true                                      {product} {ergonomic}
     bool ShowCodeDetailsInExceptionMessages       = true                                   {manageable} {command line}
   size_t SoftMaxHeapSize                          = 4282384384                             {manageable} {ergonomic}
     bool UseCompressedClassPointers               = true                                 {lp64_product} {ergonomic}
     bool UseCompressedOops                        = true                                 {lp64_product} {ergonomic}
     bool UseG1GC                                  = true                                      {product} {ergonomic}
     bool UseLargePagesIndividualAllocation        = false                                  {pd product} {ergonomic}

Logging:
Log output configuration:
 #0: stdout all=warning uptime,level,tags
 #1: stderr all=off uptime,level,tags

Environment Variables:
JAVA_HOME=D:\Program Files\Java
CLASSPATH=;D:\Program Files\Java\bin;D:\Program Files\Java\bin;
PATH=C:\Program Files\Python38\Scripts\;C:\Program Files\Python38\;C:\Program Files (x86)\NVIDIA Corporation\PhysX\Common;C:\Program Files (x86)\Common Files\Oracle\Java\javapath;C:\WINDOWS\system32;C:\WINDOWS;C:\WINDOWS\System32\Wbem;C:\WINDOWS\System32\WindowsPowerShell\v1.0\;C:\WINDOWS\System32\OpenSSH\;C:\Program Files\Git\cmd;C:\Users\Yee\AppData\Local\Microsoft\WindowsApps;D:\Program Files\Java\bin;C:\Users\Yee\AppData\Roaming\Dashlane\6.2018.0.34867\bin\Firefox_Extension\{442718d9-475e-452a-b3e1-fb1ee16b8e9f}\components;C:\Users\Yee\AppData\Roaming\Dashlane\6.2018.0.34867\ucrt;C:\Users\Yee\AppData\Roaming\Dashlane\6.2018.0.34867\bin\Qt;C:\Users\Yee\AppData\Roaming\Dashlane\6.2018.0.34867\ucrt;C:\Users\Yee\AppData\Roaming\Dashlane\6.2018.0.34867\bin\Ssl;C:\Windows.old\Users\Yee\AppData\Local\atom\bin;D:\Program\Microsoft VS Code\bin
USERNAME=Yee
OS=Windows_NT
PROCESSOR_IDENTIFIER=AMD64 Family 23 Model 113 Stepping 0, AuthenticAMD



---------------  S Y S T E M  ---------------

OS: Windows 10 , 64 bit Build 18362 (10.0.18362.959)
OS uptime: 0 days 16:19 hours

CPU:total 12 (initial active 12) (12 cores per cpu, 2 threads per core) family 23 model 113 stepping 0, cmov, cx8, fxsr, mmx, sse, sse2, sse3, ssse3, sse4.1, sse4.2, popcnt, avx, avx2, aes, clmul, mmxext, 3dnowpref, lzcnt, sse4a, ht, tsc, tscinvbit, tscinv, bmi1, bmi2, adx, sha, fma

Memory: 4k page, system-wide physical 16334M (5236M free)
TotalPageFile size 28725M (AvailPageFile size 207M)
current process WorkingSet (physical memory assigned to process): 10M, peak: 10M
current process commit charge ("private bytes"): 65M, peak: 321M

vm_info: Java HotSpot(TM) 64-Bit Server VM (14.0.1+7) for windows-amd64 JRE (14.0.1+7), built on Mar  5 2020 10:30:14 by "mach5one" with MS VC++ 15.9 (VS2017)

END.
